<!DOCTYPE html PUBLIC "-//W3C//DTD XHTML 1.1//EN" "https://www.w3.org/TR/xhtml11/DTD/xhtml11.dtd">
<html xmlns="https://www.w3.org/1999/xhtml">
<head>
<meta http-equiv="content-type" content="text/html; charset=UTF-8"/>
<title>TestNG Report</title>
<style type="text/css">table {margin-bottom:10px;border-collapse:collapse;empty-cells:show}th,td {border:1px solid #009;padding:.25em .5em}th {vertical-align:bottom}td {vertical-align:top}table a {font-weight:bold}.stripe td {background-color: #E6EBF9}.num {text-align:right}.passedodd td {background-color: #3F3}.passedeven td {background-color: #0A0}.skippedodd td {background-color: #DDD}.skippedeven td {background-color: #CCC}.failedodd td,.attn {background-color: #F33}.failedeven td,.stripe .attn {background-color: #D00}.stacktrace {white-space:pre;font-family:monospace}.totop {font-size:85%;text-align:center;border-bottom:2px solid #000}.invisible {display:none}</style>
</head>
<body>
<table>
<tr><th>Test</th><th># Passed</th><th># Skipped</th><th># Retried</th><th># Failed</th><th>Time (ms)</th><th>Included Groups</th><th>Excluded Groups</th></tr>
<tr><th colspan="8">Surefire suite</th></tr>
<tr><td><a href="#t0">Surefire test</a></td><td class="num">0</td><td class="num attn">1</td><td class="num">0</td><td class="num">0</td><td class="num">2,914</td><td></td><td></td></tr>
</table>
<table id='summary'><thead><tr><th>Class</th><th>Method</th><th>Start</th><th>Time (ms)</th></tr></thead><tbody><tr><th colspan="4">Surefire suite</th></tr></tbody><tbody id="t0"><tr><th colspan="4">Surefire test &#8212; failed (configuration methods)</th></tr><tr class="failedeven"><td rowspan="1">com.TestRunner.Demo.TestRunner</td><td><a href="#m0">setUP</a></td><td rowspan="1">1622172564544</td><td rowspan="1">2647</td></tr><tr><th colspan="4">Surefire test &#8212; skipped (configuration methods)</th></tr><tr class="skippedeven"><td rowspan="1">com.TestRunner.Demo.TestRunner</td><td><a href="#m1">tearDown</a></td><td rowspan="1">1622172567455</td><td rowspan="1">-1622172567455</td></tr><tr><th colspan="4">Surefire test &#8212; skipped</th></tr><tr class="skippedeven"><td rowspan="1">com.TestRunner.Demo.TestRunner</td><td><a href="#m2">feature</a></td><td rowspan="1">1622172567444</td><td rowspan="1">0</td></tr></tbody>
</table>
<h2>Surefire test</h2><h3 id="m0">com.TestRunner.Demo.TestRunner#setUP</h3><table class="result"><tr><th>Exception</th></tr><tr><td><div class="stacktrace">org.openqa.selenium.SessionNotCreatedException: session not created: This version of ChromeDriver only supports Chrome version 89
Current browser version is 91.0.4472.77 with binary path C:\Program Files\Google\Chrome\Application\chrome.exe
Build info: version: &apos;3.14.0&apos;, revision: &apos;aacccce0&apos;, time: &apos;2018-08-02T20:19:58.91Z&apos;
System info: host: &apos;DESKTOP-3ROKAB7&apos;, ip: &apos;192.168.254.12&apos;, os.name: &apos;Windows 10&apos;, os.arch: &apos;amd64&apos;, os.version: &apos;10.0&apos;, java.version: &apos;1.8.0_261&apos;
Driver info: driver.version: ChromeDriver
remote stacktrace: Backtrace:
	Ordinal0 [0x00FDE7D3+124883]
	Ordinal0 [0x00FDE7B1+124849]
	GetHandleVerifier [0x01228688+193832]
	GetHandleVerifier [0x01243AC5+305509]
	GetHandleVerifier [0x0124021B+291003]
	GetHandleVerifier [0x0123E0AC+282444]
	GetHandleVerifier [0x01264A90+440624]
	GetHandleVerifier [0x012647FC+439964]
	GetHandleVerifier [0x0126154B+426987]
	GetHandleVerifier [0x01244FFD+310941]
	GetHandleVerifier [0x01245D8E+314414]
	GetHandleVerifier [0x01245D19+314297]
	GetHandleVerifier [0x013031EC+1089676]
	GetHandleVerifier [0x013017C9+1082985]
	GetHandleVerifier [0x013013A3+1081923]
	GetHandleVerifier [0x013FD9FD+2115741]
	Ordinal0 [0x0112B82E+1488942]
	Ordinal0 [0x010C5A7D+1071741]
	Ordinal0 [0x010C559B+1070491]
	Ordinal0 [0x010C54B1+1070257]
	Ordinal0 [0x010FFF53+1310547]
	BaseThreadInitThunk [0x7792FA29+25]
	RtlGetAppContainerNamedObjectPath [0x77AF7A7E+286]
	RtlGetAppContainerNamedObjectPath [0x77AF7A4E+238]

	at org.openqa.selenium.remote.W3CHandshakeResponse.lambda$new$0(W3CHandshakeResponse.java:57)
	at org.openqa.selenium.remote.W3CHandshakeResponse.lambda$getResponseFunction$2(W3CHandshakeResponse.java:104)
	at org.openqa.selenium.remote.ProtocolHandshake.lambda$createSession$0(ProtocolHandshake.java:122)
	at java.util.stream.ReferencePipeline$3$1.accept(ReferencePipeline.java:193)
	at java.util.Spliterators$ArraySpliterator.tryAdvance(Spliterators.java:958)
	at java.util.stream.ReferencePipeline.forEachWithCancel(ReferencePipeline.java:126)
	at java.util.stream.AbstractPipeline.copyIntoWithCancel(AbstractPipeline.java:499)
	at java.util.stream.AbstractPipeline.copyInto(AbstractPipeline.java:486)
	at java.util.stream.AbstractPipeline.wrapAndCopyInto(AbstractPipeline.java:472)
	at java.util.stream.FindOps$FindOp.evaluateSequential(FindOps.java:152)
	at java.util.stream.AbstractPipeline.evaluate(AbstractPipeline.java:234)
	at java.util.stream.ReferencePipeline.findFirst(ReferencePipeline.java:464)
	at org.openqa.selenium.remote.ProtocolHandshake.createSession(ProtocolHandshake.java:125)
	at org.openqa.selenium.remote.ProtocolHandshake.createSession(ProtocolHandshake.java:73)
	at org.openqa.selenium.remote.HttpCommandExecutor.execute(HttpCommandExecutor.java:136)
	at org.openqa.selenium.remote.service.DriverCommandExecutor.execute(DriverCommandExecutor.java:83)
	at org.openqa.selenium.remote.RemoteWebDriver.execute(RemoteWebDriver.java:548)
	at org.openqa.selenium.remote.RemoteWebDriver.startSession(RemoteWebDriver.java:212)
	at org.openqa.selenium.remote.RemoteWebDriver.&lt;init&gt;(RemoteWebDriver.java:130)
	at org.openqa.selenium.chrome.ChromeDriver.&lt;init&gt;(ChromeDriver.java:181)
	at org.openqa.selenium.chrome.ChromeDriver.&lt;init&gt;(ChromeDriver.java:168)
	at org.openqa.selenium.chrome.ChromeDriver.&lt;init&gt;(ChromeDriver.java:123)
	at com.TestUtil.Demo.testBase.initil(testBase.java:42)
	at com.TestRunner.Demo.TestRunner.setUP(TestRunner.java:23)
... Removed 33 stack frames</div></td></tr></table><p class="totop"><a href="#summary">back to summary</a></p>
<h3 id="m1">com.TestRunner.Demo.TestRunner#tearDown</h3><table class="result"><tr><th class="invisible"/></tr></table><p class="totop"><a href="#summary">back to summary</a></p>
<h3 id="m2">com.TestRunner.Demo.TestRunner#feature</h3><table class="result"><tr class="param"><th>Parameter #1</th></tr><tr class="param stripe"><td>Search Functionality</td></tr><tr><th>Exception</th></tr><tr><td><div class="stacktrace">org.openqa.selenium.SessionNotCreatedException: session not created: This version of ChromeDriver only supports Chrome version 89
Current browser version is 91.0.4472.77 with binary path C:\Program Files\Google\Chrome\Application\chrome.exe
Build info: version: &apos;3.14.0&apos;, revision: &apos;aacccce0&apos;, time: &apos;2018-08-02T20:19:58.91Z&apos;
System info: host: &apos;DESKTOP-3ROKAB7&apos;, ip: &apos;192.168.254.12&apos;, os.name: &apos;Windows 10&apos;, os.arch: &apos;amd64&apos;, os.version: &apos;10.0&apos;, java.version: &apos;1.8.0_261&apos;
Driver info: driver.version: ChromeDriver
remote stacktrace: Backtrace:
	Ordinal0 [0x00FDE7D3+124883]
	Ordinal0 [0x00FDE7B1+124849]
	GetHandleVerifier [0x01228688+193832]
	GetHandleVerifier [0x01243AC5+305509]
	GetHandleVerifier [0x0124021B+291003]
	GetHandleVerifier [0x0123E0AC+282444]
	GetHandleVerifier [0x01264A90+440624]
	GetHandleVerifier [0x012647FC+439964]
	GetHandleVerifier [0x0126154B+426987]
	GetHandleVerifier [0x01244FFD+310941]
	GetHandleVerifier [0x01245D8E+314414]
	GetHandleVerifier [0x01245D19+314297]
	GetHandleVerifier [0x013031EC+1089676]
	GetHandleVerifier [0x013017C9+1082985]
	GetHandleVerifier [0x013013A3+1081923]
	GetHandleVerifier [0x013FD9FD+2115741]
	Ordinal0 [0x0112B82E+1488942]
	Ordinal0 [0x010C5A7D+1071741]
	Ordinal0 [0x010C559B+1070491]
	Ordinal0 [0x010C54B1+1070257]
	Ordinal0 [0x010FFF53+1310547]
	BaseThreadInitThunk [0x7792FA29+25]
	RtlGetAppContainerNamedObjectPath [0x77AF7A7E+286]
	RtlGetAppContainerNamedObjectPath [0x77AF7A4E+238]

	at org.openqa.selenium.remote.W3CHandshakeResponse.lambda$new$0(W3CHandshakeResponse.java:57)
	at org.openqa.selenium.remote.W3CHandshakeResponse.lambda$getResponseFunction$2(W3CHandshakeResponse.java:104)
	at org.openqa.selenium.remote.ProtocolHandshake.lambda$createSession$0(ProtocolHandshake.java:122)
	at java.util.stream.ReferencePipeline$3$1.accept(ReferencePipeline.java:193)
	at java.util.Spliterators$ArraySpliterator.tryAdvance(Spliterators.java:958)
	at java.util.stream.ReferencePipeline.forEachWithCancel(ReferencePipeline.java:126)
	at java.util.stream.AbstractPipeline.copyIntoWithCancel(AbstractPipeline.java:499)
	at java.util.stream.AbstractPipeline.copyInto(AbstractPipeline.java:486)
	at java.util.stream.AbstractPipeline.wrapAndCopyInto(AbstractPipeline.java:472)
	at java.util.stream.FindOps$FindOp.evaluateSequential(FindOps.java:152)
	at java.util.stream.AbstractPipeline.evaluate(AbstractPipeline.java:234)
	at java.util.stream.ReferencePipeline.findFirst(ReferencePipeline.java:464)
	at org.openqa.selenium.remote.ProtocolHandshake.createSession(ProtocolHandshake.java:125)
	at org.openqa.selenium.remote.ProtocolHandshake.createSession(ProtocolHandshake.java:73)
	at org.openqa.selenium.remote.HttpCommandExecutor.execute(HttpCommandExecutor.java:136)
	at org.openqa.selenium.remote.service.DriverCommandExecutor.execute(DriverCommandExecutor.java:83)
	at org.openqa.selenium.remote.RemoteWebDriver.execute(RemoteWebDriver.java:548)
	at org.openqa.selenium.remote.RemoteWebDriver.startSession(RemoteWebDriver.java:212)
	at org.openqa.selenium.remote.RemoteWebDriver.&lt;init&gt;(RemoteWebDriver.java:130)
	at org.openqa.selenium.chrome.ChromeDriver.&lt;init&gt;(ChromeDriver.java:181)
	at org.openqa.selenium.chrome.ChromeDriver.&lt;init&gt;(ChromeDriver.java:168)
	at org.openqa.selenium.chrome.ChromeDriver.&lt;init&gt;(ChromeDriver.java:123)
	at com.TestUtil.Demo.testBase.initil(testBase.java:42)
	at com.TestRunner.Demo.TestRunner.setUP(TestRunner.java:23)
... Removed 33 stack frames</div></td></tr></table><p class="totop"><a href="#summary">back to summary</a></p>
</body>
</html>
